<?xml version="1.0" encoding="UTF-8"?>
<beans xmlns="http://www.springframework.org/schema/beans"
       xmlns:xsi="http://www.w3.org/2001/XMLSchema-instance"
       xmlns:tx="http://www.springframework.org/schema/tx"
       xsi:schemaLocation="http://www.springframework.org/schema/beans http://www.springframework.org/schema/beans/spring-beans-2.0.xsd
            http://www.springframework.org/schema/tx http://www.springframework.org/schema/tx/spring-tx-2.0.xsd">

    <bean id="propertyConfigurer" class="org.springframework.beans.factory.config.PropertyPlaceholderConfigurer">
        <property name="locations">
            <list>
                <value>classpath:locations.properties</value>
                <value>classpath:locations-override.properties</value>
            </list>
        </property>
    </bean>

    <bean id="dataSource" class="org.unitils.database.UnitilsDataSourceFactoryBean"/>

    <bean id="entityManagerFactory" class="org.springframework.orm.jpa.LocalContainerEntityManagerFactoryBean">
        <property name="dataSource" ref="dataSource"/>
        <property name="jpaVendorAdapter">
            <bean class="org.unitils.orm.jpa.util.provider.hibernate.UnitilsHibernateJpaVendorAdapter">
                <property name="showSql" value="true"/>
                <property name="generateDdl" value="true"/>
                <property name="databasePlatform" value="${hibernate.dialect}"/>
            </bean>
        </property>
    </bean>

    <bean id="transactionManager" class="org.springframework.orm.jpa.JpaTransactionManager">
        <property name="entityManagerFactory" ref="entityManagerFactory"/>
        <property name="dataSource" ref="dataSource"/>
    </bean>

    <tx:annotation-driven/>

    <bean class="org.springframework.orm.jpa.support.PersistenceAnnotationBeanPostProcessor"/>
    <bean class="org.springframework.aop.framework.autoproxy.DefaultAdvisorAutoProxyCreator"/>

    <bean class="org.springframework.transaction.interceptor.TransactionAttributeSourceAdvisor">
        <property name="transactionInterceptor" ref="transactionInterceptor"/>
    </bean>

    <bean id="transactionInterceptor" class="org.springframework.transaction.interceptor.TransactionInterceptor">
        <property name="transactionManager" ref="transactionManager"/>
        <property name="transactionAttributeSource">
            <bean class="org.springframework.transaction.annotation.AnnotationTransactionAttributeSource"/>
        </property>
    </bean>

    <bean id="configDao" class="javabot.dao.impl.ConfigDaoImpl"/>

    <bean id="factoidDao" class="javabot.dao.impl.FactoidDaoImpl"/>
    
    <bean id="changeDao" class="javabot.dao.impl.ChangeDaoImpl"/>

    <bean id="clazzDao" class="javabot.dao.impl.ClazzDaoImpl"/>

    <bean id="seenDao" class="javabot.dao.impl.SeenDaoImpl"/>

    <bean id="logDao" class="javabot.dao.impl.LogsDaoImpl"/>

    <bean id="channelDao" class="javabot.dao.impl.ChannelDaoImpl"/>

    <bean id="karmaDao" class="javabot.dao.impl.KarmaDaoImpl"/>

    <bean id="adminDao" class="javabot.dao.impl.AdminDaoImpl"/>

</beans>